{"total": {"lines":{"total":82,"covered":82,"skipped":0,"pct":100},"statements":{"total":91,"covered":91,"skipped":0,"pct":100},"functions":{"total":20,"covered":20,"skipped":0,"pct":100},"branches":{"total":38,"covered":35,"skipped":0,"pct":92.1},"branchesTrue":{"total":0,"covered":0,"skipped":0,"pct":"Unknown"}}
,"/home/runner/work/avantiyatra-main/avantiyatra-main/src/lib/predictionEngine.ts": {"lines":{"total":81,"covered":81,"skipped":0,"pct":100},"functions":{"total":19,"covered":19,"skipped":0,"pct":100},"statements":{"total":90,"covered":90,"skipped":0,"pct":100},"branches":{"total":38,"covered":35,"skipped":0,"pct":92.1}}
,"/home/runner/work/avantiyatra-main/avantiyatra-main/src/lib/utils.ts": {"lines":{"total":1,"covered":1,"skipped":0,"pct":100},"functions":{"total":1,"covered":1,"skipped":0,"pct":100},"statements":{"total":1,"covered":1,"skipped":0,"pct":100},"branches":{"total":0,"covered":0,"skipped":0,"pct":100}}
}
